<?xml version="1.0" encoding="UTF-8"?>
<!-- Generated by org.testng.reporters.JUnitReportReporter -->
<testsuite hostname="DESKTOP-3VQ8QTL" failures="0" tests="1" name="testng.flowofannaotations" time="0.016" errors="0" timestamp="2023-11-02T10:12:59 IST" skipped="0">
  <testcase classname="testng.flowofannaotations" name="m7" time="0.016">
    <system-out>
      <![CDATA[___MAIN TC__]]>
    </system-out>
  </testcase> <!-- m7 -->
  <system-out>
    <![CDATA[___DB CONNECTION___
___LAUNCH THE BROWSER___
___LOGIN TO APP___
___MAIN TC__
___OPEN THe APP___
____CLOCS THE BROWSER___
null]]>
  </system-out>
</testsuite> <!-- testng.flowofannaotations -->
