<?xml version="1.0" encoding="UTF-8"?>
<!-- Generated by org.testng.reporters.JUnitReportReporter -->
<testsuite hostname="DESKTOP-3VQ8QTL" failures="0" tests="1" name="testng.paralleexecution1" time="15.293" errors="0" timestamp="2023-11-07T09:57:18 IST" skipped="0">
  <testcase classname="testng.paralleexecution1" name="tc2" time="15.293"/>
</testsuite> <!-- testng.paralleexecution1 -->
