<?xml version="1.0" encoding="UTF-8"?>
<!-- Generated by org.testng.reporters.JUnitReportReporter -->
<testsuite hostname="DESKTOP-3VQ8QTL" failures="0" tests="1" name="testng.paralleexecution" time="28.162" errors="0" timestamp="2023-11-07T09:57:18 IST" skipped="0">
  <testcase classname="testng.paralleexecution" name="tc1" time="28.162"/>
</testsuite> <!-- testng.paralleexecution -->
