<?xml version="1.0" encoding="UTF-8"?>
<!-- Generated by org.testng.reporters.JUnitReportReporter -->
<testsuite hostname="DESKTOP-3VQ8QTL" failures="0" tests="11" name="testng.testng1" time="0.075" errors="0" timestamp="2023-11-01T10:02:36 IST" skipped="0">
  <testcase classname="testng.testng1" name="m1" time="0.018">
    <system-out>
      <![CDATA[hii]]>
    </system-out>
  </testcase> <!-- m1 -->
  <testcase classname="testng.testng1" name="m1" time="0.005">
    <system-out>
      <![CDATA[hii]]>
    </system-out>
  </testcase> <!-- m1 -->
  <testcase classname="testng.testng1" name="m1" time="0.005">
    <system-out>
      <![CDATA[hii]]>
    </system-out>
  </testcase> <!-- m1 -->
  <testcase classname="testng.testng1" name="m1" time="0.010">
    <system-out>
      <![CDATA[hii]]>
    </system-out>
  </testcase> <!-- m1 -->
  <testcase classname="testng.testng1" name="m1" time="0.004">
    <system-out>
      <![CDATA[hii]]>
    </system-out>
  </testcase> <!-- m1 -->
  <testcase classname="testng.testng1" name="m1" time="0.009">
    <system-out>
      <![CDATA[hii]]>
    </system-out>
  </testcase> <!-- m1 -->
  <testcase classname="testng.testng1" name="m1" time="0.005">
    <system-out>
      <![CDATA[hii]]>
    </system-out>
  </testcase> <!-- m1 -->
  <testcase classname="testng.testng1" name="y2" time="0.002">
    <system-out>
      <![CDATA[vineela]]>
    </system-out>
  </testcase> <!-- y2 -->
  <testcase classname="testng.testng1" name="m1" time="0.007">
    <system-out>
      <![CDATA[hii]]>
    </system-out>
  </testcase> <!-- m1 -->
  <testcase classname="testng.testng1" name="m1" time="0.004">
    <system-out>
      <![CDATA[hii]]>
    </system-out>
  </testcase> <!-- m1 -->
  <testcase classname="testng.testng1" name="m1" time="0.006">
    <system-out>
      <![CDATA[hii]]>
    </system-out>
  </testcase> <!-- m1 -->
  <system-out>
    <![CDATA[hii
hii
hii
hii
hii
hii
hii
hii
hii
hii
vineela]]>
  </system-out>
</testsuite> <!-- testng.testng1 -->
