<?xml version="1.0" encoding="UTF-8"?>
<!-- Generated by org.testng.reporters.JUnitReportReporter -->
<testsuite hostname="DESKTOP-3VQ8QTL" failures="0" tests="2" name="testng.priority" time="0.021" errors="0" timestamp="2023-11-01T10:35:02 IST" skipped="0">
  <testcase classname="testng.priority" name="hi" time="0.016">
    <system-out>
      <![CDATA[executing vinny]]>
    </system-out>
  </testcase> <!-- hi -->
  <testcase classname="testng.priority" name="hello" time="0.005">
    <system-out>
      <![CDATA[executing good]]>
    </system-out>
  </testcase> <!-- hello -->
  <system-out>
    <![CDATA[executing vinny
executing good]]>
  </system-out>
</testsuite> <!-- testng.priority -->
