<?xml version="1.0" encoding="UTF-8"?>
<!-- Generated by org.testng.reporters.JUnitReportReporter -->
<testsuite hostname="DESKTOP-3VQ8QTL" failures="0" tests="2" name="xlfetching.dependsonmethods" time="0.022" errors="0" timestamp="2023-11-01T10:57:16 IST" skipped="0">
  <testcase classname="xlfetching.dependsonmethods" name="logout" time="0.002">
    <system-out>
      <![CDATA[running logout]]>
    </system-out>
  </testcase> <!-- logout -->
  <testcase classname="xlfetching.dependsonmethods" name="login" time="0.020">
    <system-out>
      <![CDATA[running login]]>
    </system-out>
  </testcase> <!-- login -->
  <system-out>
    <![CDATA[running login
running logout]]>
  </system-out>
</testsuite> <!-- xlfetching.dependsonmethods -->
