<?xml version="1.0" encoding="UTF-8"?>
<!-- Generated by org.testng.reporters.JUnitReportReporter -->
<testsuite hostname="DESKTOP-3VQ8QTL" failures="0" tests="2" name="testng.Batchexecution2" time="0.007" errors="0" timestamp="2023-11-02T10:56:56 IST" skipped="0">
  <testcase classname="testng.Batchexecution2" name="sample5" time="0.003">
    <system-out>
      <![CDATA[executing five]]>
    </system-out>
  </testcase> <!-- sample5 -->
  <testcase classname="testng.Batchexecution2" name="sample6" time="0.004">
    <system-out>
      <![CDATA[executing six]]>
    </system-out>
  </testcase> <!-- sample6 -->
  <system-out>
    <![CDATA[executing three
executing four
executing five
executing six
executin one
executing two]]>
  </system-out>
</testsuite> <!-- testng.Batchexecution2 -->
