<?xml version="1.0" encoding="UTF-8"?>
<!-- Generated by org.testng.reporters.JUnitReportReporter -->
<testsuite hostname="DESKTOP-3VQ8QTL" failures="0" tests="1" name="testng.timeout" time="0.025" errors="0" timestamp="2023-11-01T10:42:04 IST" skipped="0">
  <testcase classname="testng.timeout" name="demo" time="0.025">
    <system-out>
      <![CDATA[vinay]]>
    </system-out>
  </testcase> <!-- demo -->
  <system-out>
    <![CDATA[vinay]]>
  </system-out>
</testsuite> <!-- testng.timeout -->
