<?xml version="1.0" encoding="UTF-8"?>
<!-- Generated by org.testng.reporters.JUnitReportReporter -->
<testsuite hostname="DESKTOP-3VQ8QTL" failures="0" tests="2" name="testng.Batchexecution" time="0.036" errors="0" timestamp="2023-11-02T10:56:56 IST" skipped="0">
  <testcase classname="testng.Batchexecution" name="sample1" time="0.004">
    <system-out>
      <![CDATA[executin one]]>
    </system-out>
  </testcase> <!-- sample1 -->
  <testcase classname="testng.Batchexecution" name="sample2" time="0.032">
    <system-out>
      <![CDATA[executing two]]>
    </system-out>
  </testcase> <!-- sample2 -->
  <system-out>
    <![CDATA[executing three
executing four
executing five
executing six
executin one
executing two]]>
  </system-out>
</testsuite> <!-- testng.Batchexecution -->
