<?xml version="1.0" encoding="UTF-8"?>
<!-- Generated by org.testng.reporters.JUnitReportReporter -->
<testsuite hostname="DESKTOP-3VQ8QTL" failures="0" tests="2" name="testng.Batchexecution1" time="0.020" errors="0" timestamp="2023-11-02T10:56:56 IST" skipped="0">
  <testcase classname="testng.Batchexecution1" name="sample3" time="0.017">
    <system-out>
      <![CDATA[executing three]]>
    </system-out>
  </testcase> <!-- sample3 -->
  <testcase classname="testng.Batchexecution1" name="sample4" time="0.003">
    <system-out>
      <![CDATA[executing four]]>
    </system-out>
  </testcase> <!-- sample4 -->
  <system-out>
    <![CDATA[executing three
executing four
executing five
executing six
executin one
executing two]]>
  </system-out>
</testsuite> <!-- testng.Batchexecution1 -->
