<?xml version="1.0" encoding="UTF-8"?>
<!-- Generated by org.testng.reporters.JUnitReportReporter -->
<testsuite hostname="DESKTOP-3VQ8QTL" failures="0" tests="1" name="testng.paralleexecution2" time="27.228" errors="0" timestamp="2023-11-07T09:57:18 IST" skipped="0">
  <testcase classname="testng.paralleexecution2" name="tc3" time="27.228"/>
</testsuite> <!-- testng.paralleexecution2 -->
